# JRE version: 7.0_17-b02
# Java VM: Java HotSpot(TM) 64-Bit Server VM (23.7-b01 mixed mode bsd-amd64 compressed oops)
Heap
 PSYoungGen      total 25984K, used 19472K [0x000000014d120000, 0x00000001503e0000, 0x000000016a120000)
  eden space 22272K, 70% used [0x000000014d120000,0x000000014e085318,0x000000014e6e0000)
  from space 3712K, 99% used [0x0000000150040000,0x00000001503df030,0x00000001503e0000)
  to   space 3712K, 0% used [0x000000014e6e0000,0x000000014e6e0000,0x000000014ea80000)
 ParOldGen       total 59392K, used 4451K [0x0000000113120000, 0x0000000116b20000, 0x000000014d120000)
  object space 59392K, 7% used [0x0000000113120000,0x0000000113578e48,0x0000000116b20000)
 PSPermGen       total 21248K, used 20003K [0x000000010df20000, 0x000000010f3e0000, 0x0000000113120000)
  object space 21248K, 94% used [0x000000010df20000,0x000000010f2a8dc8,0x000000010f3e0000)
GC Heap History (4 events):
Event: 2.089 GC heap before
{Heap before GC invocations=1 (full 0):
 PSYoungGen      total 25984K, used 22272K [0x000000014d120000, 0x000000014ee20000, 0x000000016a120000)
  eden space 22272K, 100% used [0x000000014d120000,0x000000014e6e0000,0x000000014e6e0000)
  from space 3712K, 0% used [0x000000014ea80000,0x000000014ea80000,0x000000014ee20000)
  to   space 3712K, 0% used [0x000000014e6e0000,0x000000014e6e0000,0x000000014ea80000)
 ParOldGen       total 59392K, used 0K [0x0000000113120000, 0x0000000116b20000, 0x000000014d120000)
  object space 59392K, 0% used [0x0000000113120000,0x0000000113120000,0x0000000116b20000)
 PSPermGen       total 21248K, used 12014K [0x000000010df20000, 0x000000010f3e0000, 0x0000000113120000)
  object space 21248K, 56% used [0x000000010df20000,0x000000010eadbbc8,0x000000010f3e0000)
Event: 2.114 GC heap after
Heap after GC invocations=1 (full 0):
 PSYoungGen      total 25984K, used 3705K [0x000000014d120000, 0x00000001503e0000, 0x000000016a120000)
  eden space 22272K, 0% used [0x000000014d120000,0x000000014d120000,0x000000014e6e0000)
  from space 3712K, 99% used [0x000000014e6e0000,0x000000014ea7e708,0x000000014ea80000)
  to   space 3712K, 0% used [0x0000000150040000,0x0000000150040000,0x00000001503e0000)
 ParOldGen       total 59392K, used 32K [0x0000000113120000, 0x0000000116b20000, 0x000000014d120000)
  object space 59392K, 0% used [0x0000000113120000,0x0000000113128000,0x0000000116b20000)
 PSPermGen       total 21248K, used 12014K [0x000000010df20000, 0x000000010f3e0000, 0x0000000113120000)
  object space 21248K, 56% used [0x000000010df20000,0x000000010eadbbc8,0x000000010f3e0000)
}
Event: 19.779 GC heap before
{Heap before GC invocations=2 (full 0):
 PSYoungGen      total 25984K, used 25977K [0x000000014d120000, 0x00000001503e0000, 0x000000016a120000)
  eden space 22272K, 100% used [0x000000014d120000,0x000000014e6e0000,0x000000014e6e0000)
  from space 3712K, 99% used [0x000000014e6e0000,0x000000014ea7e708,0x000000014ea80000)
  to   space 3712K, 0% used [0x0000000150040000,0x0000000150040000,0x00000001503e0000)
 ParOldGen       total 59392K, used 32K [0x0000000113120000, 0x0000000116b20000, 0x000000014d120000)
  object space 59392K, 0% used [0x0000000113120000,0x0000000113128000,0x0000000116b20000)
 PSPermGen       total 21248K, used 19472K [0x000000010df20000, 0x000000010f3e0000, 0x0000000113120000)
  object space 21248K, 91% used [0x000000010df20000,0x000000010f224078,0x000000010f3e0000)
Event: 19.808 GC heap after
Heap after GC invocations=2 (full 0):
 PSYoungGen      total 25984K, used 3708K [0x000000014d120000, 0x00000001503e0000, 0x000000016a120000)
  eden space 22272K, 0% used [0x000000014d120000,0x000000014d120000,0x000000014e6e0000)
  from space 3712K, 99% used [0x0000000150040000,0x00000001503df030,0x00000001503e0000)
  to   space 3712K, 0% used [0x000000014e6e0000,0x000000014e6e0000,0x000000014ea80000)
 ParOldGen       total 59392K, used 4451K [0x0000000113120000, 0x0000000116b20000, 0x000000014d120000)
  object space 59392K, 7% used [0x0000000113120000,0x0000000113578e48,0x0000000116b20000)
 PSPermGen       total 21248K, used 19472K [0x000000010df20000, 0x000000010f3e0000, 0x0000000113120000)
  object space 21248K, 91% used [0x000000010df20000,0x000000010f224078,0x000000010f3e0000)
}

